app/build/intermediates/manifest_merge_blame_file/debug/manifest-merger-blame-debug-report.txt
1<?xml version="1.0" encoding="utf-8"?>
2<manifest xmlns:android="http://schemas.android.com/apk/res/android"
3    package="com.dnake.desktop"
4    android:versionCode="1"
5    android:versionName="1.0" >
6
7    <uses-sdk
7-->src\main\AndroidManifest.xml:8:5-10:41
8        android:minSdkVersion="16"
8-->src\main\AndroidManifest.xml:9:9-35
9        android:targetSdkVersion="22" />
9-->src\main\AndroidManifest.xml:10:9-38
10
11    <uses-permission android:name="android.permission.INTERNET" />
11-->src\main\AndroidManifest.xml:12:5-67
11-->src\main\AndroidManifest.xml:12:22-64
12    <uses-permission android:name="android.permission.SYSTEM_ALERT_WINDOW" />
12-->src\main\AndroidManifest.xml:13:5-78
12-->src\main\AndroidManifest.xml:13:22-75
13    <uses-permission android:name="android.permission.RECEIVE_BOOT_COMPLETED" />
13-->src\main\AndroidManifest.xml:14:5-81
13-->src\main\AndroidManifest.xml:14:22-78
14    <uses-permission android:name="android.permission.MODIFY_AUDIO_SETTINGS" />
14-->src\main\AndroidManifest.xml:15:5-80
14-->src\main\AndroidManifest.xml:15:22-77
15    <uses-permission android:name="android.permission.GET_TASKS" />
15-->src\main\AndroidManifest.xml:16:5-68
15-->src\main\AndroidManifest.xml:16:22-65
16    <uses-permission android:name="android.permission.RESTART_PACKAGES" />
16-->src\main\AndroidManifest.xml:17:5-75
16-->src\main\AndroidManifest.xml:17:22-72
17    <uses-permission android:name="android.permission.READ_EXTERNAL_STORAGE" />
17-->src\main\AndroidManifest.xml:18:5-80
17-->src\main\AndroidManifest.xml:18:22-77
18    <uses-permission android:name="android.permission.WRITE_EXTERNAL_STORAGE" />
18-->src\main\AndroidManifest.xml:19:5-81
18-->src\main\AndroidManifest.xml:19:22-78
19
20    <application
20-->src\main\AndroidManifest.xml:21:5-66:19
21        android:allowBackup="true"
21-->src\main\AndroidManifest.xml:22:9-35
22        android:appComponentFactory="androidx.core.app.CoreComponentFactory"
22-->[androidx.core:core:1.3.1] AndroidManifest.xml:24:18-86
23        android:debuggable="true"
24        android:hardwareAccelerated="true"
24-->src\main\AndroidManifest.xml:23:9-43
25        android:icon="@drawable/ic_launcher"
25-->src\main\AndroidManifest.xml:24:9-45
26        android:label="@string/app_name"
26-->src\main\AndroidManifest.xml:25:9-41
27        android:persistent="true"
27-->src\main\AndroidManifest.xml:26:9-34
28        android:supportsRtl="true"
28-->src\main\AndroidManifest.xml:27:9-35
29        android:testOnly="true"
30        android:theme="@style/AppBaseTheme" >
30-->src\main\AndroidManifest.xml:28:9-44
31        <service android:name="com.dnake.desktop.SysService" />
31-->src\main\AndroidManifest.xml:29:9-55
31-->src\main\AndroidManifest.xml:29:18-44
32
33        <receiver android:name="com.dnake.desktop.SysReceiver" >
33-->src\main\AndroidManifest.xml:31:9-41:20
33-->src\main\AndroidManifest.xml:31:19-46
34            <intent-filter>
34-->src\main\AndroidManifest.xml:32:13-37:29
35                <data android:scheme="package" />
35-->src\main\AndroidManifest.xml:33:17-50
35-->src\main\AndroidManifest.xml:33:23-47
36
37                <action android:name="android.intent.action.BOOT_COMPLETED" />
37-->src\main\AndroidManifest.xml:34:17-79
37-->src\main\AndroidManifest.xml:34:25-76
38                <action android:name="android.intent.action.PACKAGE_ADDED" />
38-->src\main\AndroidManifest.xml:35:17-78
38-->src\main\AndroidManifest.xml:35:25-75
39                <action android:name="android.intent.action.PACKAGE_REMOVED" />
39-->src\main\AndroidManifest.xml:36:17-80
39-->src\main\AndroidManifest.xml:36:25-77
40            </intent-filter>
41            <intent-filter>
41-->src\main\AndroidManifest.xml:38:13-40:29
42                <action android:name="com.dnake.broadcast" />
42-->src\main\AndroidManifest.xml:39:17-62
42-->src\main\AndroidManifest.xml:39:25-59
43            </intent-filter>
44        </receiver>
45
46        <activity
46-->src\main\AndroidManifest.xml:43:9-56:20
47            android:name="com.dnake.desktop.DesktopActivity"
47-->src\main\AndroidManifest.xml:44:13-44
48            android:exported="true"
48-->src\main\AndroidManifest.xml:45:13-36
49            android:launchMode="singleTask"
49-->src\main\AndroidManifest.xml:46:13-44
50            android:screenOrientation="landscape"
50-->src\main\AndroidManifest.xml:47:13-50
51            android:theme="@android:style/Theme.NoTitleBar.Fullscreen" >
51-->src\main\AndroidManifest.xml:48:13-71
52            <intent-filter android:priority="2" >
52-->src\main\AndroidManifest.xml:49:13-55:29
52-->src\main\AndroidManifest.xml:49:28-48
53                <action android:name="android.intent.action.MAIN" />
53-->src\main\AndroidManifest.xml:50:17-69
53-->src\main\AndroidManifest.xml:50:25-66
54
55                <category android:name="android.intent.category.HOME" />
55-->src\main\AndroidManifest.xml:52:17-73
55-->src\main\AndroidManifest.xml:52:27-70
56                <category android:name="android.intent.category.DEFAULT" />
56-->src\main\AndroidManifest.xml:53:17-76
56-->src\main\AndroidManifest.xml:53:27-73
57                <category android:name="android.intent.category.LAUNCHER" />
57-->src\main\AndroidManifest.xml:54:17-77
57-->src\main\AndroidManifest.xml:54:27-74
58            </intent-filter>
59        </activity>
60        <activity
60-->src\main\AndroidManifest.xml:57:9-65:20
61            android:name="com.dnake.desktop.AppsLabel"
61-->src\main\AndroidManifest.xml:58:13-38
62            android:launchMode="singleTask"
62-->src\main\AndroidManifest.xml:59:13-44
63            android:screenOrientation="behind"
63-->src\main\AndroidManifest.xml:60:13-47
64            android:theme="@android:style/Theme.NoTitleBar.Fullscreen" >
64-->src\main\AndroidManifest.xml:61:13-71
65            <intent-filter>
65-->src\main\AndroidManifest.xml:62:13-64:29
66                <action android:name="com.dnake.desktop.AppsLabel" />
66-->src\main\AndroidManifest.xml:63:17-70
66-->src\main\AndroidManifest.xml:63:25-67
67            </intent-filter>
68        </activity>
69    </application>
70
71</manifest>